<?xml version="1.0" encoding="UTF-8"?>
<!-- Generated by org.testng.reporters.JUnitReportReporter -->
<testsuite hostname="MacBook-Pro-Bragin-Sergej.local" failures="0" tests="2" name="ManagerAfishaTest" time="0.026" errors="0" timestamp="2022-09-09T08:17:48 MSK" skipped="0">
  <testcase classname="ManagerAfishaTest" name="addingFilmTest" time="0.000"/>
  <system-out/>
  <testcase classname="ManagerAfishaTest" name="addFilmTest" time="0.026"/>
  <system-out/>
</testsuite> <!-- ManagerAfishaTest -->
